2025-11-12 16:24:38.539 [info] Reading sessions from keychain...
2025-11-12 16:24:38.539 [info] Getting sessions for all scopes...
2025-11-12 16:24:38.539 [info] Got 0 sessions for ...
2025-11-12 16:24:38.539 [info] Getting sessions for all scopes...
2025-11-12 16:24:38.539 [info] Got 0 sessions for ...
2025-11-12 16:24:38.539 [info] Getting sessions for all scopes...
2025-11-12 16:24:38.539 [info] Got 0 sessions for ...
2025-11-12 16:24:38.539 [info] Getting sessions for user:email...
2025-11-12 16:24:38.539 [info] Got 0 sessions for user:email...
2025-11-12 16:24:38.539 [info] Getting sessions for all scopes...
2025-11-12 16:24:38.539 [info] Got 0 sessions for ...
2025-11-12 16:24:38.539 [info] Getting sessions for all scopes...
2025-11-12 16:24:38.539 [info] Got 0 sessions for ...
2025-11-12 16:24:38.539 [info] Getting sessions for all scopes...
2025-11-12 16:24:38.539 [info] Got 0 sessions for ...
2025-11-12 16:24:38.539 [info] Getting sessions for all scopes...
2025-11-12 16:24:38.539 [info] Got 0 sessions for ...
2025-11-12 16:24:38.539 [info] Getting sessions for all scopes...
2025-11-12 16:24:38.539 [info] Got 0 sessions for ...
2025-11-12 16:24:38.539 [info] Getting sessions for all scopes...
2025-11-12 16:24:38.539 [info] Got 0 sessions for ...
2025-11-12 16:24:38.539 [info] Getting sessions for all scopes...
2025-11-12 16:24:38.539 [info] Got 0 sessions for ...
2025-11-12 16:24:38.539 [info] Getting sessions for all scopes...
2025-11-12 16:24:38.539 [info] Got 0 sessions for ...
2025-11-12 16:24:38.539 [info] Getting sessions for all scopes...
2025-11-12 16:24:38.539 [info] Got 0 sessions for ...
2025-11-12 16:24:38.539 [info] Getting sessions for all scopes...
2025-11-12 16:24:38.539 [info] Got 0 sessions for ...
2025-11-12 16:24:38.539 [info] Getting sessions for all scopes...
2025-11-12 16:24:38.539 [info] Got 0 sessions for ...
2025-11-12 16:24:40.372 [info] Getting sessions for all scopes...
2025-11-12 16:24:40.373 [info] Got 0 sessions for ...
2025-11-12 16:24:42.525 [info] Getting sessions for all scopes...
2025-11-12 16:24:42.525 [info] Got 0 sessions for ...
2025-11-12 16:24:42.525 [info] Getting sessions for all scopes...
2025-11-12 16:24:42.525 [info] Got 0 sessions for ...
2025-11-12 16:24:42.528 [info] Getting sessions for all scopes...
2025-11-12 16:24:42.528 [info] Got 0 sessions for ...
