2025-11-12 16:34:47.433 [info] Reading sessions from keychain...
2025-11-12 16:34:47.433 [info] Getting sessions for all scopes...
2025-11-12 16:34:47.433 [info] Got 0 sessions for ...
2025-11-12 16:34:47.433 [info] Getting sessions for all scopes...
2025-11-12 16:34:47.433 [info] Got 0 sessions for ...
2025-11-12 16:34:47.433 [info] Getting sessions for all scopes...
2025-11-12 16:34:47.433 [info] Got 0 sessions for ...
2025-11-12 16:34:47.433 [info] Getting sessions for all scopes...
2025-11-12 16:34:47.433 [info] Got 0 sessions for ...
2025-11-12 16:34:47.433 [info] Getting sessions for all scopes...
2025-11-12 16:34:47.433 [info] Got 0 sessions for ...
2025-11-12 16:34:47.433 [info] Getting sessions for all scopes...
2025-11-12 16:34:47.433 [info] Got 0 sessions for ...
2025-11-12 16:34:47.433 [info] Getting sessions for all scopes...
2025-11-12 16:34:47.433 [info] Got 0 sessions for ...
2025-11-12 16:34:47.433 [info] Getting sessions for all scopes...
2025-11-12 16:34:47.433 [info] Got 0 sessions for ...
2025-11-12 16:34:47.433 [info] Getting sessions for all scopes...
2025-11-12 16:34:47.433 [info] Got 0 sessions for ...
2025-11-12 16:34:47.433 [info] Getting sessions for all scopes...
2025-11-12 16:34:47.433 [info] Got 0 sessions for ...
2025-11-12 16:34:47.433 [info] Getting sessions for all scopes...
2025-11-12 16:34:47.433 [info] Got 0 sessions for ...
2025-11-12 16:34:47.433 [info] Getting sessions for all scopes...
2025-11-12 16:34:47.433 [info] Got 0 sessions for ...
2025-11-12 16:34:47.827 [info] Getting sessions for user:email...
2025-11-12 16:34:47.827 [info] Got 0 sessions for user:email...
2025-11-12 16:34:47.890 [info] Getting sessions for all scopes...
2025-11-12 16:34:47.890 [info] Got 0 sessions for ...
