2025-11-12 17:51:10.515 [info] Reading sessions from keychain...
2025-11-12 17:51:10.515 [info] Getting sessions for all scopes...
2025-11-12 17:51:10.515 [info] Got 0 sessions for ...
2025-11-12 17:51:10.515 [info] Getting sessions for all scopes...
2025-11-12 17:51:10.515 [info] Got 0 sessions for ...
2025-11-12 17:51:10.515 [info] Getting sessions for all scopes...
2025-11-12 17:51:10.515 [info] Got 0 sessions for ...
2025-11-12 17:51:10.515 [info] Getting sessions for all scopes...
2025-11-12 17:51:10.515 [info] Got 0 sessions for ...
2025-11-12 17:51:10.515 [info] Getting sessions for all scopes...
2025-11-12 17:51:10.515 [info] Got 0 sessions for ...
2025-11-12 17:51:10.515 [info] Getting sessions for all scopes...
2025-11-12 17:51:10.515 [info] Got 0 sessions for ...
2025-11-12 17:51:10.515 [info] Getting sessions for all scopes...
2025-11-12 17:51:10.515 [info] Got 0 sessions for ...
2025-11-12 17:51:10.515 [info] Getting sessions for all scopes...
2025-11-12 17:51:10.515 [info] Got 0 sessions for ...
2025-11-12 17:51:10.515 [info] Getting sessions for all scopes...
2025-11-12 17:51:10.515 [info] Got 0 sessions for ...
2025-11-12 17:51:10.515 [info] Getting sessions for all scopes...
2025-11-12 17:51:10.515 [info] Got 0 sessions for ...
2025-11-12 17:51:10.515 [info] Getting sessions for all scopes...
2025-11-12 17:51:10.515 [info] Got 0 sessions for ...
2025-11-12 17:51:10.515 [info] Getting sessions for all scopes...
2025-11-12 17:51:10.515 [info] Got 0 sessions for ...
2025-11-12 17:51:10.515 [info] Getting sessions for all scopes...
2025-11-12 17:51:10.515 [info] Got 0 sessions for ...
2025-11-12 17:51:10.554 [info] Getting sessions for user:email...
2025-11-12 17:51:10.554 [info] Got 0 sessions for user:email...
2025-11-12 17:51:10.602 [info] Getting sessions for all scopes...
2025-11-12 17:51:10.602 [info] Got 0 sessions for ...
2025-11-12 17:51:12.025 [info] Getting sessions for all scopes...
2025-11-12 17:51:12.025 [info] Got 0 sessions for ...
2025-11-12 17:51:12.026 [info] Getting sessions for all scopes...
2025-11-12 17:51:12.026 [info] Got 0 sessions for ...
2025-11-12 17:51:12.033 [info] Getting sessions for all scopes...
2025-11-12 17:51:12.033 [info] Got 0 sessions for ...
