2025-11-12 16:24:49.974 [info] Reading sessions from keychain...
2025-11-12 16:24:49.974 [info] Getting sessions for all scopes...
2025-11-12 16:24:49.974 [info] Got 0 sessions for ...
2025-11-12 16:24:49.974 [info] Getting sessions for all scopes...
2025-11-12 16:24:49.974 [info] Got 0 sessions for ...
2025-11-12 16:24:49.974 [info] Getting sessions for all scopes...
2025-11-12 16:24:49.974 [info] Got 0 sessions for ...
2025-11-12 16:24:49.990 [info] Getting sessions for user:email...
2025-11-12 16:24:49.990 [info] Got 0 sessions for user:email...
2025-11-12 16:24:49.990 [info] Getting sessions for all scopes...
2025-11-12 16:24:49.990 [info] Got 0 sessions for ...
2025-11-12 16:24:49.990 [info] Getting sessions for all scopes...
2025-11-12 16:24:49.990 [info] Got 0 sessions for ...
2025-11-12 16:24:49.991 [info] Getting sessions for all scopes...
2025-11-12 16:24:49.991 [info] Got 0 sessions for ...
2025-11-12 16:24:49.991 [info] Getting sessions for all scopes...
2025-11-12 16:24:49.991 [info] Got 0 sessions for ...
2025-11-12 16:24:49.991 [info] Getting sessions for all scopes...
2025-11-12 16:24:49.991 [info] Got 0 sessions for ...
2025-11-12 16:24:49.996 [info] Getting sessions for all scopes...
2025-11-12 16:24:49.996 [info] Got 0 sessions for ...
2025-11-12 16:24:50.022 [info] Getting sessions for all scopes...
2025-11-12 16:24:50.022 [info] Got 0 sessions for ...
2025-11-12 16:24:50.022 [info] Getting sessions for all scopes...
2025-11-12 16:24:50.022 [info] Got 0 sessions for ...
2025-11-12 16:24:50.022 [info] Getting sessions for all scopes...
2025-11-12 16:24:50.022 [info] Got 0 sessions for ...
2025-11-12 16:24:50.022 [info] Getting sessions for all scopes...
2025-11-12 16:24:50.022 [info] Got 0 sessions for ...
2025-11-12 16:24:50.022 [info] Getting sessions for all scopes...
2025-11-12 16:24:50.022 [info] Got 0 sessions for ...
2025-11-12 16:24:51.849 [info] Getting sessions for all scopes...
2025-11-12 16:24:51.849 [info] Got 0 sessions for ...
2025-11-12 16:24:54.028 [info] Getting sessions for all scopes...
2025-11-12 16:24:54.028 [info] Got 0 sessions for ...
2025-11-12 16:24:54.028 [info] Getting sessions for all scopes...
2025-11-12 16:24:54.028 [info] Got 0 sessions for ...
2025-11-12 16:24:54.039 [info] Getting sessions for all scopes...
2025-11-12 16:24:54.039 [info] Got 0 sessions for ...
