2025-11-12 16:22:49.904 [info] Reading sessions from keychain...
2025-11-12 16:22:49.905 [info] Getting sessions for all scopes...
2025-11-12 16:22:49.905 [info] Got 0 sessions for ...
2025-11-12 16:22:49.905 [info] Getting sessions for all scopes...
2025-11-12 16:22:49.905 [info] Got 0 sessions for ...
2025-11-12 16:22:49.905 [info] Getting sessions for all scopes...
2025-11-12 16:22:49.905 [info] Got 0 sessions for ...
2025-11-12 16:22:49.905 [info] Getting sessions for all scopes...
2025-11-12 16:22:49.905 [info] Got 0 sessions for ...
2025-11-12 16:22:49.905 [info] Getting sessions for all scopes...
2025-11-12 16:22:49.905 [info] Got 0 sessions for ...
2025-11-12 16:22:49.905 [info] Getting sessions for all scopes...
2025-11-12 16:22:49.905 [info] Got 0 sessions for ...
2025-11-12 16:22:49.905 [info] Getting sessions for all scopes...
2025-11-12 16:22:49.905 [info] Got 0 sessions for ...
2025-11-12 16:22:49.905 [info] Getting sessions for all scopes...
2025-11-12 16:22:49.905 [info] Got 0 sessions for ...
2025-11-12 16:22:49.905 [info] Getting sessions for all scopes...
2025-11-12 16:22:49.905 [info] Got 0 sessions for ...
2025-11-12 16:22:49.905 [info] Getting sessions for all scopes...
2025-11-12 16:22:49.905 [info] Got 0 sessions for ...
2025-11-12 16:22:49.905 [info] Getting sessions for all scopes...
2025-11-12 16:22:49.905 [info] Got 0 sessions for ...
2025-11-12 16:22:49.905 [info] Getting sessions for all scopes...
2025-11-12 16:22:49.905 [info] Got 0 sessions for ...
2025-11-12 16:22:49.905 [info] Getting sessions for all scopes...
2025-11-12 16:22:49.905 [info] Got 0 sessions for ...
2025-11-12 16:22:50.039 [info] Getting sessions for user:email...
2025-11-12 16:22:50.039 [info] Got 0 sessions for user:email...
2025-11-12 16:22:50.168 [info] Getting sessions for all scopes...
2025-11-12 16:22:50.168 [info] Got 0 sessions for ...
2025-11-12 16:22:51.588 [info] Getting sessions for all scopes...
2025-11-12 16:22:51.588 [info] Got 0 sessions for ...
2025-11-12 16:22:51.588 [info] Getting sessions for all scopes...
2025-11-12 16:22:51.588 [info] Got 0 sessions for ...
2025-11-12 16:22:51.597 [info] Getting sessions for all scopes...
2025-11-12 16:22:51.597 [info] Got 0 sessions for ...
