2025-11-12 16:40:07.716 [info] Reading sessions from keychain...
2025-11-12 16:40:07.716 [info] Getting sessions for all scopes...
2025-11-12 16:40:07.716 [info] Got 0 sessions for ...
2025-11-12 16:40:07.716 [info] Getting sessions for all scopes...
2025-11-12 16:40:07.716 [info] Got 0 sessions for ...
2025-11-12 16:40:07.716 [info] Getting sessions for all scopes...
2025-11-12 16:40:07.716 [info] Got 0 sessions for ...
2025-11-12 16:40:07.716 [info] Getting sessions for all scopes...
2025-11-12 16:40:07.716 [info] Got 0 sessions for ...
2025-11-12 16:40:07.716 [info] Getting sessions for all scopes...
2025-11-12 16:40:07.716 [info] Got 0 sessions for ...
2025-11-12 16:40:07.716 [info] Getting sessions for all scopes...
2025-11-12 16:40:07.716 [info] Got 0 sessions for ...
2025-11-12 16:40:07.716 [info] Getting sessions for all scopes...
2025-11-12 16:40:07.716 [info] Got 0 sessions for ...
2025-11-12 16:40:07.716 [info] Getting sessions for all scopes...
2025-11-12 16:40:07.716 [info] Got 0 sessions for ...
2025-11-12 16:40:07.716 [info] Getting sessions for all scopes...
2025-11-12 16:40:07.716 [info] Got 0 sessions for ...
2025-11-12 16:40:07.716 [info] Getting sessions for all scopes...
2025-11-12 16:40:07.716 [info] Got 0 sessions for ...
2025-11-12 16:40:07.716 [info] Getting sessions for all scopes...
2025-11-12 16:40:07.716 [info] Got 0 sessions for ...
2025-11-12 16:40:07.716 [info] Getting sessions for all scopes...
2025-11-12 16:40:07.716 [info] Got 0 sessions for ...
2025-11-12 16:40:07.716 [info] Getting sessions for all scopes...
2025-11-12 16:40:07.716 [info] Got 0 sessions for ...
2025-11-12 16:40:07.849 [info] Getting sessions for all scopes...
2025-11-12 16:40:07.849 [info] Got 0 sessions for ...
2025-11-12 16:40:07.850 [info] Getting sessions for user:email...
2025-11-12 16:40:07.850 [info] Got 0 sessions for user:email...
2025-11-12 16:40:09.326 [info] Getting sessions for all scopes...
2025-11-12 16:40:09.327 [info] Got 0 sessions for ...
2025-11-12 16:40:09.327 [info] Getting sessions for all scopes...
2025-11-12 16:40:09.327 [info] Got 0 sessions for ...
2025-11-12 16:40:09.331 [info] Getting sessions for all scopes...
2025-11-12 16:40:09.331 [info] Got 0 sessions for ...
