2025-11-12 16:16:32.186 [info] Reading sessions from keychain...
2025-11-12 16:16:32.186 [info] Getting sessions for all scopes...
2025-11-12 16:16:32.194 [info] Got 0 sessions for ...
2025-11-12 16:16:32.194 [info] Getting sessions for all scopes...
2025-11-12 16:16:32.194 [info] Got 0 sessions for ...
2025-11-12 16:16:32.194 [info] Getting sessions for all scopes...
2025-11-12 16:16:32.194 [info] Got 0 sessions for ...
2025-11-12 16:16:32.194 [info] Getting sessions for all scopes...
2025-11-12 16:16:32.194 [info] Got 0 sessions for ...
2025-11-12 16:16:32.194 [info] Getting sessions for all scopes...
2025-11-12 16:16:32.194 [info] Got 0 sessions for ...
2025-11-12 16:16:32.194 [info] Getting sessions for all scopes...
2025-11-12 16:16:32.194 [info] Got 0 sessions for ...
2025-11-12 16:16:32.194 [info] Getting sessions for all scopes...
2025-11-12 16:16:32.194 [info] Got 0 sessions for ...
2025-11-12 16:16:32.196 [info] Getting sessions for all scopes...
2025-11-12 16:16:32.196 [info] Got 0 sessions for ...
2025-11-12 16:16:32.197 [info] Getting sessions for all scopes...
2025-11-12 16:16:32.197 [info] Got 0 sessions for ...
2025-11-12 16:16:32.197 [info] Getting sessions for all scopes...
2025-11-12 16:16:32.198 [info] Got 0 sessions for ...
2025-11-12 16:16:32.198 [info] Getting sessions for all scopes...
2025-11-12 16:16:32.198 [info] Got 0 sessions for ...
2025-11-12 16:16:32.198 [info] Getting sessions for all scopes...
2025-11-12 16:16:32.198 [info] Got 0 sessions for ...
2025-11-12 16:16:32.198 [info] Getting sessions for all scopes...
2025-11-12 16:16:32.198 [info] Got 0 sessions for ...
2025-11-12 16:16:32.316 [info] Getting sessions for user:email...
2025-11-12 16:16:32.316 [info] Got 0 sessions for user:email...
2025-11-12 16:16:32.387 [info] Getting sessions for all scopes...
2025-11-12 16:16:32.387 [info] Got 0 sessions for ...
2025-11-12 16:16:34.035 [info] Getting sessions for all scopes...
2025-11-12 16:16:34.035 [info] Got 0 sessions for ...
2025-11-12 16:16:34.035 [info] Getting sessions for all scopes...
2025-11-12 16:16:34.035 [info] Got 0 sessions for ...
2025-11-12 16:16:34.038 [info] Getting sessions for all scopes...
2025-11-12 16:16:34.038 [info] Got 0 sessions for ...
