2025-11-12 16:23:34.385 [info] Reading sessions from keychain...
2025-11-12 16:23:34.385 [info] Getting sessions for all scopes...
2025-11-12 16:23:34.385 [info] Got 0 sessions for ...
2025-11-12 16:23:34.385 [info] Getting sessions for all scopes...
2025-11-12 16:23:34.385 [info] Got 0 sessions for ...
2025-11-12 16:23:34.385 [info] Getting sessions for all scopes...
2025-11-12 16:23:34.385 [info] Got 0 sessions for ...
2025-11-12 16:23:34.385 [info] Getting sessions for all scopes...
2025-11-12 16:23:34.385 [info] Got 0 sessions for ...
2025-11-12 16:23:34.385 [info] Getting sessions for all scopes...
2025-11-12 16:23:34.385 [info] Got 0 sessions for ...
2025-11-12 16:23:34.385 [info] Getting sessions for all scopes...
2025-11-12 16:23:34.385 [info] Got 0 sessions for ...
2025-11-12 16:23:34.385 [info] Getting sessions for all scopes...
2025-11-12 16:23:34.385 [info] Got 0 sessions for ...
2025-11-12 16:23:34.386 [info] Getting sessions for all scopes...
2025-11-12 16:23:34.386 [info] Got 0 sessions for ...
2025-11-12 16:23:34.386 [info] Getting sessions for all scopes...
2025-11-12 16:23:34.386 [info] Got 0 sessions for ...
2025-11-12 16:23:34.386 [info] Getting sessions for all scopes...
2025-11-12 16:23:34.386 [info] Got 0 sessions for ...
2025-11-12 16:23:34.387 [info] Getting sessions for all scopes...
2025-11-12 16:23:34.387 [info] Got 0 sessions for ...
2025-11-12 16:23:34.387 [info] Getting sessions for all scopes...
2025-11-12 16:23:34.387 [info] Got 0 sessions for ...
2025-11-12 16:23:34.387 [info] Getting sessions for all scopes...
2025-11-12 16:23:34.387 [info] Got 0 sessions for ...
2025-11-12 16:23:34.521 [info] Getting sessions for user:email...
2025-11-12 16:23:34.521 [info] Got 0 sessions for user:email...
2025-11-12 16:23:34.527 [info] Getting sessions for all scopes...
2025-11-12 16:23:34.527 [info] Got 0 sessions for ...
2025-11-12 16:23:36.038 [info] Getting sessions for all scopes...
2025-11-12 16:23:36.038 [info] Got 0 sessions for ...
2025-11-12 16:23:36.038 [info] Getting sessions for all scopes...
2025-11-12 16:23:36.038 [info] Got 0 sessions for ...
2025-11-12 16:23:36.046 [info] Getting sessions for all scopes...
2025-11-12 16:23:36.046 [info] Got 0 sessions for ...
