2025-11-12 16:23:04.190 [info] Reading sessions from keychain...
2025-11-12 16:23:04.190 [info] Getting sessions for all scopes...
2025-11-12 16:23:04.190 [info] Got 0 sessions for ...
2025-11-12 16:23:04.190 [info] Getting sessions for all scopes...
2025-11-12 16:23:04.190 [info] Got 0 sessions for ...
2025-11-12 16:23:04.190 [info] Getting sessions for all scopes...
2025-11-12 16:23:04.190 [info] Got 0 sessions for ...
2025-11-12 16:23:04.190 [info] Getting sessions for all scopes...
2025-11-12 16:23:04.190 [info] Got 0 sessions for ...
2025-11-12 16:23:04.190 [info] Getting sessions for all scopes...
2025-11-12 16:23:04.190 [info] Got 0 sessions for ...
2025-11-12 16:23:04.190 [info] Getting sessions for all scopes...
2025-11-12 16:23:04.190 [info] Got 0 sessions for ...
2025-11-12 16:23:04.190 [info] Getting sessions for all scopes...
2025-11-12 16:23:04.190 [info] Got 0 sessions for ...
2025-11-12 16:23:04.190 [info] Getting sessions for all scopes...
2025-11-12 16:23:04.190 [info] Got 0 sessions for ...
2025-11-12 16:23:04.190 [info] Getting sessions for all scopes...
2025-11-12 16:23:04.190 [info] Got 0 sessions for ...
2025-11-12 16:23:04.190 [info] Getting sessions for all scopes...
2025-11-12 16:23:04.190 [info] Got 0 sessions for ...
2025-11-12 16:23:04.190 [info] Getting sessions for all scopes...
2025-11-12 16:23:04.190 [info] Got 0 sessions for ...
2025-11-12 16:23:04.190 [info] Getting sessions for all scopes...
2025-11-12 16:23:04.190 [info] Got 0 sessions for ...
2025-11-12 16:23:04.190 [info] Getting sessions for all scopes...
2025-11-12 16:23:04.190 [info] Got 0 sessions for ...
2025-11-12 16:23:04.190 [info] Getting sessions for user:email...
2025-11-12 16:23:04.190 [info] Got 0 sessions for user:email...
2025-11-12 16:23:04.222 [info] Getting sessions for all scopes...
2025-11-12 16:23:04.222 [info] Got 0 sessions for ...
2025-11-12 16:23:05.745 [info] Getting sessions for all scopes...
2025-11-12 16:23:05.746 [info] Got 0 sessions for ...
2025-11-12 16:23:05.746 [info] Getting sessions for all scopes...
2025-11-12 16:23:05.746 [info] Got 0 sessions for ...
2025-11-12 16:23:05.748 [info] Getting sessions for all scopes...
2025-11-12 16:23:05.748 [info] Got 0 sessions for ...
